<?xml version="1.0" encoding="UTF-8"?>
<testng-results ignored="0" total="4" passed="3" failed="1" skipped="0">
  <reporter-output>
  </reporter-output>
  <suite started-at="2026-03-16T16:27:26 IST" name="ECommerce Suite" finished-at="2026-03-16T16:28:56 IST" duration-ms="90348">
    <groups>
    </groups>
    <test started-at="2026-03-16T16:27:26 IST" name="Login Tests" finished-at="2026-03-16T16:27:59 IST" duration-ms="33254">
      <class name="com.ecommerce.tests.LoginTest">
        <test-method is-config="true" signature="setUp()[pri:0, instance:com.ecommerce.tests.LoginTest@60975100]" started-at="2026-03-16T16:27:26 IST" name="setUp" finished-at="2026-03-16T16:27:48 IST" duration-ms="22507" status="PASS">
          <reporter-output>
          </reporter-output>
        </test-method> <!-- setUp -->
        <test-method is-config="true" signature="setUp()[pri:0, instance:com.ecommerce.tests.LoginTest@60975100]" started-at="2026-03-16T16:27:26 IST" name="setUp" finished-at="2026-03-16T16:27:53 IST" duration-ms="27258" status="PASS">
          <reporter-output>
          </reporter-output>
        </test-method> <!-- setUp -->
        <test-method signature="testInvalidLogin()[pri:0, instance:com.ecommerce.tests.LoginTest@60975100]" started-at="2026-03-16T16:27:48 IST" name="testInvalidLogin" finished-at="2026-03-16T16:27:49 IST" duration-ms="968" status="PASS">
          <reporter-output>
          </reporter-output>
        </test-method> <!-- testInvalidLogin -->
        <test-method is-config="true" signature="tearDown()[pri:0, instance:com.ecommerce.tests.LoginTest@60975100]" started-at="2026-03-16T16:27:49 IST" name="tearDown" finished-at="2026-03-16T16:27:59 IST" duration-ms="9724" status="PASS">
          <reporter-output>
          </reporter-output>
        </test-method> <!-- tearDown -->
        <test-method signature="testValidLogin()[pri:0, instance:com.ecommerce.tests.LoginTest@60975100]" started-at="2026-03-16T16:27:53 IST" name="testValidLogin" finished-at="2026-03-16T16:27:59 IST" duration-ms="5933" status="FAIL">
          <exception class="org.openqa.selenium.NoSuchSessionException">
            <message>
              <![CDATA[Tried to run command without establishing a connection
Build info: version: '4.18.1', revision: 'b1d3319b48'
System info: os.name: 'Windows 11', os.arch: 'amd64', os.version: '10.0', java.version: '21.0.9'
Driver info: org.openqa.selenium.firefox.FirefoxDriver
Command: [0ddeb4ed-95ba-4563-b3c2-fc267fc167af, findElement {using=id, value=user-name}]
Capabilities {acceptInsecureCerts: true, browserName: firefox, browserVersion: 148.0.2, moz:accessibilityChecks: false, moz:buildID: 20260309125808, moz:geckodriverVersion: 0.36.0, moz:headless: false, moz:platformVersion: 10.0, moz:processID: 1964, moz:profile: C:\Users\simrawat\AppData\L..., moz:shutdownTimeout: 60000, moz:webdriverClick: true, moz:windowless: false, pageLoadStrategy: normal, platformName: windows, proxy: Proxy(), setWindowRect: true, strictFileInteractability: false, timeouts: {implicit: 0, pageLoad: 300000, script: 30000}, unhandledPromptBehavior: dismiss and notify, userAgent: Mozilla/5.0 (Windows NT 10....}
Session ID: 0ddeb4ed-95ba-4563-b3c2-fc267fc167af]]>
            </message>
            <full-stacktrace>
              <![CDATA[org.openqa.selenium.NoSuchSessionException: Tried to run command without establishing a connection
Build info: version: '4.18.1', revision: 'b1d3319b48'
System info: os.name: 'Windows 11', os.arch: 'amd64', os.version: '10.0', java.version: '21.0.9'
Driver info: org.openqa.selenium.firefox.FirefoxDriver
Command: [0ddeb4ed-95ba-4563-b3c2-fc267fc167af, findElement {using=id, value=user-name}]
Capabilities {acceptInsecureCerts: true, browserName: firefox, browserVersion: 148.0.2, moz:accessibilityChecks: false, moz:buildID: 20260309125808, moz:geckodriverVersion: 0.36.0, moz:headless: false, moz:platformVersion: 10.0, moz:processID: 1964, moz:profile: C:\Users\simrawat\AppData\L..., moz:shutdownTimeout: 60000, moz:webdriverClick: true, moz:windowless: false, pageLoadStrategy: normal, platformName: windows, proxy: Proxy(), setWindowRect: true, strictFileInteractability: false, timeouts: {implicit: 0, pageLoad: 300000, script: 30000}, unhandledPromptBehavior: dismiss and notify, userAgent: Mozilla/5.0 (Windows NT 10....}
Session ID: 0ddeb4ed-95ba-4563-b3c2-fc267fc167af
at java.base/jdk.internal.reflect.DirectConstructorHandleAccessor.newInstance(DirectConstructorHandleAccessor.java:62)
at java.base/java.lang.reflect.Constructor.newInstanceWithCaller(Constructor.java:502)
at java.base/java.lang.reflect.Constructor.newInstance(Constructor.java:486)
at org.openqa.selenium.remote.ErrorCodec.decode(ErrorCodec.java:167)
at org.openqa.selenium.remote.codec.w3c.W3CHttpResponseCodec.decode(W3CHttpResponseCodec.java:138)
at org.openqa.selenium.remote.codec.w3c.W3CHttpResponseCodec.decode(W3CHttpResponseCodec.java:50)
at org.openqa.selenium.remote.HttpCommandExecutor.execute(HttpCommandExecutor.java:190)
at org.openqa.selenium.remote.service.DriverCommandExecutor.invokeExecute(DriverCommandExecutor.java:216)
at org.openqa.selenium.remote.service.DriverCommandExecutor.execute(DriverCommandExecutor.java:174)
at org.openqa.selenium.remote.RemoteWebDriver.execute(RemoteWebDriver.java:519)
at org.openqa.selenium.remote.ElementLocation$ElementFinder$2.findElement(ElementLocation.java:165)
at org.openqa.selenium.remote.ElementLocation.findElement(ElementLocation.java:59)
at org.openqa.selenium.remote.RemoteWebDriver.findElement(RemoteWebDriver.java:356)
at org.openqa.selenium.remote.RemoteWebDriver.findElement(RemoteWebDriver.java:350)
at com.ecommerce.pages.LoginPage.enterUsername(LoginPage.java:20)
at com.ecommerce.pages.LoginPage.login(LoginPage.java:34)
at com.ecommerce.tests.LoginTest.testValidLogin(LoginTest.java:25)
at java.base/jdk.internal.reflect.DirectMethodHandleAccessor.invoke(DirectMethodHandleAccessor.java:103)
at java.base/java.lang.reflect.Method.invoke(Method.java:580)
at org.testng.internal.invokers.MethodInvocationHelper.invokeMethod(MethodInvocationHelper.java:139)
at org.testng.internal.invokers.TestInvoker.invokeMethod(TestInvoker.java:664)
at org.testng.internal.invokers.TestInvoker.invokeTestMethod(TestInvoker.java:228)
at org.testng.internal.invokers.MethodRunner.runInSequence(MethodRunner.java:63)
at org.testng.internal.invokers.TestInvoker$MethodInvocationAgent.invoke(TestInvoker.java:961)
at org.testng.internal.invokers.TestInvoker.invokeTestMethods(TestInvoker.java:201)
at org.testng.internal.invokers.TestMethodWorker.invokeTestMethods(TestMethodWorker.java:148)
at org.testng.internal.invokers.TestMethodWorker.run(TestMethodWorker.java:128)
at java.base/java.util.concurrent.Executors$RunnableAdapter.call(Executors.java:572)
at java.base/java.util.concurrent.FutureTask.run(FutureTask.java:317)
at org.testng.internal.thread.graph.TestNGFutureTask.run(TestNGFutureTask.java:22)
at java.base/java.util.concurrent.ThreadPoolExecutor.runWorker(ThreadPoolExecutor.java:1144)
at java.base/java.util.concurrent.ThreadPoolExecutor$Worker.run(ThreadPoolExecutor.java:642)
at java.base/java.lang.Thread.run(Thread.java:1583)
]]>
            </full-stacktrace>
          </exception> <!-- org.openqa.selenium.NoSuchSessionException -->
          <reporter-output>
          </reporter-output>
        </test-method> <!-- testValidLogin -->
        <test-method is-config="true" signature="tearDown()[pri:0, instance:com.ecommerce.tests.LoginTest@60975100]" started-at="2026-03-16T16:27:59 IST" name="tearDown" finished-at="2026-03-16T16:27:59 IST" duration-ms="3" status="PASS">
          <reporter-output>
          </reporter-output>
        </test-method> <!-- tearDown -->
      </class> <!-- com.ecommerce.tests.LoginTest -->
    </test> <!-- Login Tests -->
    <test started-at="2026-03-16T16:27:59 IST" name="Cart Tests" finished-at="2026-03-16T16:28:28 IST" duration-ms="28796">
      <class name="com.ecommerce.tests.CartTest">
        <test-method is-config="true" signature="setUp()[pri:0, instance:com.ecommerce.tests.CartTest@3c9bfddc]" started-at="2026-03-16T16:27:59 IST" name="setUp" finished-at="2026-03-16T16:28:17 IST" duration-ms="17972" status="PASS">
          <reporter-output>
          </reporter-output>
        </test-method> <!-- setUp -->
        <test-method signature="testAddToCart()[pri:0, instance:com.ecommerce.tests.CartTest@3c9bfddc]" started-at="2026-03-16T16:28:17 IST" name="testAddToCart" finished-at="2026-03-16T16:28:18 IST" duration-ms="1443" status="PASS">
          <reporter-output>
          </reporter-output>
        </test-method> <!-- testAddToCart -->
        <test-method is-config="true" signature="tearDown()[pri:0, instance:com.ecommerce.tests.CartTest@3c9bfddc]" started-at="2026-03-16T16:28:18 IST" name="tearDown" finished-at="2026-03-16T16:28:28 IST" duration-ms="9359" status="PASS">
          <reporter-output>
          </reporter-output>
        </test-method> <!-- tearDown -->
      </class> <!-- com.ecommerce.tests.CartTest -->
    </test> <!-- Cart Tests -->
    <test started-at="2026-03-16T16:28:28 IST" name="Feedback Tests" finished-at="2026-03-16T16:28:56 IST" duration-ms="28125">
      <class name="com.ecommerce.tests.FeedbackTest">
        <test-method is-config="true" signature="initExtent()[pri:0, instance:com.ecommerce.tests.FeedbackTest@2f4205be]" started-at="2026-03-16T16:27:25 IST" name="initExtent" finished-at="2026-03-16T16:27:26 IST" duration-ms="242" status="PASS">
          <reporter-output>
          </reporter-output>
        </test-method> <!-- initExtent -->
        <test-method is-config="true" signature="setUp()[pri:0, instance:com.ecommerce.tests.FeedbackTest@2f4205be]" started-at="2026-03-16T16:28:28 IST" name="setUp" finished-at="2026-03-16T16:28:47 IST" duration-ms="19001" status="PASS">
          <reporter-output>
          </reporter-output>
        </test-method> <!-- setUp -->
        <test-method signature="testOrderFeedbackFlow()[pri:0, instance:com.ecommerce.tests.FeedbackTest@2f4205be]" started-at="2026-03-16T16:28:47 IST" name="testOrderFeedbackFlow" finished-at="2026-03-16T16:28:49 IST" duration-ms="1790" status="PASS">
          <reporter-output>
          </reporter-output>
        </test-method> <!-- testOrderFeedbackFlow -->
        <test-method is-config="true" signature="tearDown()[pri:0, instance:com.ecommerce.tests.FeedbackTest@2f4205be]" started-at="2026-03-16T16:28:49 IST" name="tearDown" finished-at="2026-03-16T16:28:56 IST" duration-ms="7323" status="PASS">
          <reporter-output>
          </reporter-output>
        </test-method> <!-- tearDown -->
        <test-method is-config="true" signature="flushReport()[pri:0, instance:com.ecommerce.tests.FeedbackTest@2f4205be]" started-at="2026-03-16T16:28:56 IST" name="flushReport" finished-at="2026-03-16T16:28:57 IST" duration-ms="950" status="PASS">
          <reporter-output>
          </reporter-output>
        </test-method> <!-- flushReport -->
      </class> <!-- com.ecommerce.tests.FeedbackTest -->
    </test> <!-- Feedback Tests -->
  </suite> <!-- ECommerce Suite -->
</testng-results>
