<?xml version="1.0" encoding="UTF-8"?>
<testng-results ignored="0" total="4" passed="4" failed="0" skipped="0">
  <reporter-output>
  </reporter-output>
  <suite started-at="2026-03-16T16:19:58 IST" name="ECommerce Suite" finished-at="2026-03-16T16:20:55 IST" duration-ms="56598">
    <groups>
    </groups>
    <test started-at="2026-03-16T16:19:58 IST" name="Login Tests" finished-at="2026-03-16T16:20:24 IST" duration-ms="25480">
      <class name="com.ecommerce.tests.LoginTest">
        <test-method is-config="true" signature="setUp()[pri:0, instance:com.ecommerce.tests.LoginTest@72ea6193]" started-at="2026-03-16T16:19:58 IST" name="setUp" finished-at="2026-03-16T16:20:14 IST" duration-ms="15445" status="PASS">
          <reporter-output>
          </reporter-output>
        </test-method> <!-- setUp -->
        <test-method is-config="true" signature="setUp()[pri:0, instance:com.ecommerce.tests.LoginTest@72ea6193]" started-at="2026-03-16T16:19:58 IST" name="setUp" finished-at="2026-03-16T16:20:19 IST" duration-ms="20632" status="PASS">
          <reporter-output>
          </reporter-output>
        </test-method> <!-- setUp -->
        <test-method signature="testInvalidLogin()[pri:0, instance:com.ecommerce.tests.LoginTest@72ea6193]" started-at="2026-03-16T16:20:14 IST" name="testInvalidLogin" finished-at="2026-03-16T16:20:14 IST" duration-ms="513" status="PASS">
          <reporter-output>
          </reporter-output>
        </test-method> <!-- testInvalidLogin -->
        <test-method is-config="true" signature="tearDown()[pri:0, instance:com.ecommerce.tests.LoginTest@72ea6193]" started-at="2026-03-16T16:20:14 IST" name="tearDown" finished-at="2026-03-16T16:20:23 IST" duration-ms="8746" status="PASS">
          <reporter-output>
          </reporter-output>
        </test-method> <!-- tearDown -->
        <test-method signature="testValidLogin()[pri:0, instance:com.ecommerce.tests.LoginTest@72ea6193]" started-at="2026-03-16T16:20:19 IST" name="testValidLogin" finished-at="2026-03-16T16:20:20 IST" duration-ms="1346" status="PASS">
          <reporter-output>
          </reporter-output>
        </test-method> <!-- testValidLogin -->
        <test-method is-config="true" signature="tearDown()[pri:0, instance:com.ecommerce.tests.LoginTest@72ea6193]" started-at="2026-03-16T16:20:20 IST" name="tearDown" finished-at="2026-03-16T16:20:24 IST" duration-ms="3469" status="PASS">
          <reporter-output>
          </reporter-output>
        </test-method> <!-- tearDown -->
      </class> <!-- com.ecommerce.tests.LoginTest -->
    </test> <!-- Login Tests -->
    <test started-at="2026-03-16T16:20:24 IST" name="Cart Tests" finished-at="2026-03-16T16:20:42 IST" duration-ms="18463">
      <class name="com.ecommerce.tests.CartTest">
        <test-method is-config="true" signature="setUp()[pri:0, instance:com.ecommerce.tests.CartTest@36f48b4]" started-at="2026-03-16T16:20:24 IST" name="setUp" finished-at="2026-03-16T16:20:33 IST" duration-ms="9908" status="PASS">
          <reporter-output>
          </reporter-output>
        </test-method> <!-- setUp -->
        <test-method signature="testAddToCart()[pri:0, instance:com.ecommerce.tests.CartTest@36f48b4]" started-at="2026-03-16T16:20:33 IST" name="testAddToCart" finished-at="2026-03-16T16:20:35 IST" duration-ms="1420" status="PASS">
          <reporter-output>
          </reporter-output>
        </test-method> <!-- testAddToCart -->
        <test-method is-config="true" signature="tearDown()[pri:0, instance:com.ecommerce.tests.CartTest@36f48b4]" started-at="2026-03-16T16:20:35 IST" name="tearDown" finished-at="2026-03-16T16:20:42 IST" duration-ms="7127" status="PASS">
          <reporter-output>
          </reporter-output>
        </test-method> <!-- tearDown -->
      </class> <!-- com.ecommerce.tests.CartTest -->
    </test> <!-- Cart Tests -->
    <test started-at="2026-03-16T16:20:42 IST" name="Feedback Tests" finished-at="2026-03-16T16:20:55 IST" duration-ms="12609">
      <class name="com.ecommerce.tests.FeedbackTest">
        <test-method is-config="true" signature="initExtent()[pri:0, instance:com.ecommerce.tests.FeedbackTest@62e6b5c8]" started-at="2026-03-16T16:19:58 IST" name="initExtent" finished-at="2026-03-16T16:19:58 IST" duration-ms="157" status="PASS">
          <reporter-output>
          </reporter-output>
        </test-method> <!-- initExtent -->
        <test-method is-config="true" signature="setUp()[pri:0, instance:com.ecommerce.tests.FeedbackTest@62e6b5c8]" started-at="2026-03-16T16:20:42 IST" name="setUp" finished-at="2026-03-16T16:20:51 IST" duration-ms="8760" status="PASS">
          <reporter-output>
          </reporter-output>
        </test-method> <!-- setUp -->
        <test-method signature="testOrderFeedbackFlow()[pri:0, instance:com.ecommerce.tests.FeedbackTest@62e6b5c8]" started-at="2026-03-16T16:20:51 IST" name="testOrderFeedbackFlow" finished-at="2026-03-16T16:20:53 IST" duration-ms="1771" status="PASS">
          <reporter-output>
          </reporter-output>
        </test-method> <!-- testOrderFeedbackFlow -->
        <test-method is-config="true" signature="tearDown()[pri:0, instance:com.ecommerce.tests.FeedbackTest@62e6b5c8]" started-at="2026-03-16T16:20:53 IST" name="tearDown" finished-at="2026-03-16T16:20:55 IST" duration-ms="2072" status="PASS">
          <reporter-output>
          </reporter-output>
        </test-method> <!-- tearDown -->
        <test-method is-config="true" signature="flushReport()[pri:0, instance:com.ecommerce.tests.FeedbackTest@62e6b5c8]" started-at="2026-03-16T16:20:55 IST" name="flushReport" finished-at="2026-03-16T16:20:55 IST" duration-ms="453" status="PASS">
          <reporter-output>
          </reporter-output>
        </test-method> <!-- flushReport -->
      </class> <!-- com.ecommerce.tests.FeedbackTest -->
    </test> <!-- Feedback Tests -->
  </suite> <!-- ECommerce Suite -->
</testng-results>
