<?xml version="1.0" encoding="UTF-8"?>
<!-- Generated by org.testng.reporters.JUnitReportReporter -->
<testsuite hostname="USBLRSIMRAW56" failures="0" tests="2" name="com.ecommerce.tests.LoginTest" time="50.151" errors="0" timestamp="2026-03-16T16:20:55 IST" skipped="0">
  <testcase classname="com.ecommerce.tests.LoginTest" name="testInvalidLogin" time="19.427"/>
  <testcase classname="com.ecommerce.tests.LoginTest" name="testValidLogin" time="30.724"/>
</testsuite> <!-- com.ecommerce.tests.LoginTest -->
